<?xml version="1.0" encoding="UTF-8"?>
<!-- Generated by org.testng.reporters.JUnitXMLReporter -->
<testsuite hostname="YONGL102" name="test-hk" tests="1" failures="1" timestamp="23 Jan 2015 02:51:56 GMT" time="76.742" errors="0">
  <testcase name="TestReturnCustomerHK" time="76.726" classname="returncustomerhk.ReturnCustomerTestHK">
    <failure type="java.lang.Exception" message="40.Unable to click the button of payment">
      <![CDATA[java.lang.Exception: 40.Unable to click the button of payment
	at returncustomerhk.ReturnCustomerTestHK.TestReturnCustomerHK(Unknown Source)
... Removed 23 stack frames]]>
    </failure>
  </testcase> <!-- TestReturnCustomerHK -->
</testsuite> <!-- test-hk -->
