<?xml version="1.0" encoding="UTF-8"?>
<!-- Generated by org.testng.reporters.JUnitReportReporter -->
<testsuite hostname="YECOL094" name="baidu.runbaidu" tests="1" failures="0" timestamp="2 Mar 2015 10:09:20 GMT" time="0.010" errors="0">
  <testcase name="Testbaidu" time="0.010" classname="baidu.runbaidu"/>
</testsuite> <!-- baidu.runbaidu -->
