<?xml version="1.0" encoding="UTF-8"?>
<!-- Generated by org.testng.reporters.JUnitReportReporter -->
<testsuite hostname="YECOL094" name="test.TestCase_baidu" tests="1" failures="0" timestamp="3 Mar 2015 06:56:00 GMT" time="13.782" errors="0">
  <testcase name="Testbaidu" time="13.782" classname="test.TestCase_baidu"/>
</testsuite> <!-- test.TestCase_baidu -->
