<?xml version="1.0" encoding="UTF-8"?>
<!-- Generated by org.testng.reporters.JUnitReportReporter -->
<testsuite hostname="YECOL094" name="test.TestCase_man_NewCustomer_Chrome" tests="1" failures="0" timestamp="2 Feb 2015 01:16:07 GMT" time="122.323" errors="0">
  <testcase name="TestNewCustomer" time="122.323" classname="test.TestCase_man_NewCustomer_Chrome"/>
</testsuite> <!-- test.TestCase_man_NewCustomer_Chrome -->
